{
  "RSpec": {
    "coverage": {
      "/Users/student/Dropbox/Code/Ruby/Makers/sandbox/bookmark_manager/app.rb": [
        1,
        1,
        1,
        1,
        1,
        1,
        null,
        null,
        1,
        1,
        1,
        null,
        1,
        0,
        null,
        null,
        1,
        1,
        1,
        null,
        null,
        1,
        7,
        7,
        null,
        null,
        1,
        2,
        2,
        null,
        null,
        1,
        2,
        null,
        null,
        1,
        1,
        1,
        null,
        null,
        1,
        1,
        1,
        null,
        null,
        1,
        null
      ],
      "/Users/student/Dropbox/Code/Ruby/Makers/sandbox/bookmark_manager/lib/database_connection_setup.rb": [
        1,
        null,
        1,
        1,
        null,
        0,
        null
      ],
      "/Users/student/Dropbox/Code/Ruby/Makers/sandbox/bookmark_manager/spec/features/creating_bookmarks_spec.rb": [
        1,
        null,
        null,
        null,
        null,
        null,
        1,
        1,
        1,
        null,
        1,
        1,
        1,
        null,
        1,
        null,
        null
      ],
      "/Users/student/Dropbox/Code/Ruby/Makers/sandbox/bookmark_manager/spec/features/deleting_link_spec.rb": [
        1,
        null,
        1,
        1,
        1,
        1,
        1,
        null,
        1,
        null,
        null,
        1,
        1,
        null,
        null
      ],
      "/Users/student/Dropbox/Code/Ruby/Makers/sandbox/bookmark_manager/spec/features/updating_a_bookmark_spec.rb": [
        1,
        null,
        1,
        1,
        1,
        1,
        1,
        null,
        1,
        null,
        1,
        null,
        1,
        1,
        1,
        null,
        1,
        1,
        1,
        null,
        null
      ],
      "/Users/student/Dropbox/Code/Ruby/Makers/sandbox/bookmark_manager/spec/features/viewing_bookmarks_spec.rb": [
        1,
        1,
        null,
        null,
        null,
        null,
        null,
        null,
        null,
        null,
        null,
        1,
        1,
        1,
        1,
        1,
        null,
        1,
        null,
        1,
        1,
        1,
        null,
        null
      ]
    },
    "timestamp": 1553795383
  }
}
